2026-02-23 19:23:51.681 +00:00 [INF] Aplicaci贸n iniciada correctamente
2026-02-23 19:23:55.722 +00:00 [INF] HTTP GET / responded 200 in 459.1711 ms
2026-02-23 19:23:55.763 +00:00 [INF] HTTP GET /lib/font-awesome/css/all.min.css responded 404 in 10.4890 ms
2026-02-23 19:23:55.769 +00:00 [INF] HTTP GET /lib/bootstrap/css/bootstrap.min.css responded 304 in 16.6206 ms
2026-02-23 19:23:55.860 +00:00 [INF] HTTP GET /favicon.ico responded 200 in 38.6808 ms
2026-02-23 19:24:04.675 +00:00 [INF] HTTP GET /Watersports/Page1 responded 200 in 17.8007 ms
2026-02-23 19:24:04.694 +00:00 [INF] HTTP GET /lib/font-awesome/css/all.min.css responded 404 in 0.3712 ms
2026-02-23 19:24:04.721 +00:00 [INF] HTTP GET /favicon.ico responded 200 in 6.1288 ms
2026-02-23 19:24:05.129 +00:00 [INF] HTTP GET /Soccer/Page1 responded 200 in 7.8407 ms
2026-02-23 19:24:05.145 +00:00 [INF] HTTP GET /lib/font-awesome/css/all.min.css responded 404 in 0.3780 ms
2026-02-23 19:24:05.180 +00:00 [INF] HTTP GET /favicon.ico responded 200 in 8.3279 ms
2026-02-23 19:24:05.814 +00:00 [INF] HTTP GET /Page1 responded 200 in 6.6964 ms
2026-02-23 19:24:05.830 +00:00 [INF] HTTP GET /lib/font-awesome/css/all.min.css responded 404 in 0.4040 ms
2026-02-23 19:24:05.854 +00:00 [INF] HTTP GET /favicon.ico responded 200 in 6.3367 ms
2026-02-23 19:24:07.202 +00:00 [INF] HTTP POST /Cart responded 302 in 54.9257 ms
2026-02-23 19:24:07.237 +00:00 [INF] HTTP GET /Cart responded 200 in 25.2570 ms
2026-02-23 19:24:07.275 +00:00 [INF] HTTP GET /favicon.ico responded 200 in 6.6902 ms
2026-02-23 19:24:09.194 +00:00 [INF] HTTP GET /Order/Checkout responded 200 in 34.3551 ms
2026-02-23 19:24:09.213 +00:00 [INF] HTTP GET /lib/font-awesome/css/all.min.css responded 404 in 0.4657 ms
2026-02-23 19:24:09.250 +00:00 [INF] HTTP GET /favicon.ico responded 200 in 6.1136 ms
2026-02-23 19:29:25.188 +00:00 [INF] Aplicaci贸n iniciada correctamente
2026-02-23 19:29:25.330 +00:00 [INF] User profile is available. Using 'C:\Users\pablo\AppData\Local\ASP.NET\DataProtection-Keys' as key repository and Windows DPAPI to encrypt keys at rest.
2026-02-23 19:29:27.382 +00:00 [INF] Executed DbCommand (16ms) [Parameters=[], CommandType='"Text"', CommandTimeout='30']
SELECT 1
2026-02-23 19:29:27.414 +00:00 [INF] Executed DbCommand (12ms) [Parameters=[], CommandType='"Text"', CommandTimeout='30']
SELECT OBJECT_ID(N'[__EFMigrationsHistory]');
2026-02-23 19:29:27.438 +00:00 [INF] Executed DbCommand (2ms) [Parameters=[], CommandType='"Text"', CommandTimeout='30']
SELECT [MigrationId], [ProductVersion]
FROM [__EFMigrationsHistory]
ORDER BY [MigrationId];
2026-02-23 19:29:27.715 +00:00 [INF] Executed DbCommand (3ms) [Parameters=[], CommandType='"Text"', CommandTimeout='30']
SELECT CASE
    WHEN EXISTS (
        SELECT 1
        FROM [Products] AS [p]) THEN CAST(1 AS bit)
    ELSE CAST(0 AS bit)
END
2026-02-23 19:29:27.876 +00:00 [INF] Executed DbCommand (0ms) [Parameters=[], CommandType='"Text"', CommandTimeout='30']
SELECT 1
2026-02-23 19:29:27.880 +00:00 [INF] Executed DbCommand (1ms) [Parameters=[], CommandType='"Text"', CommandTimeout='30']
SELECT OBJECT_ID(N'[__EFMigrationsHistory]');
2026-02-23 19:29:27.886 +00:00 [INF] Executed DbCommand (2ms) [Parameters=[], CommandType='"Text"', CommandTimeout='30']
SELECT [MigrationId], [ProductVersion]
FROM [__EFMigrationsHistory]
ORDER BY [MigrationId];
2026-02-23 19:29:28.063 +00:00 [INF] Executed DbCommand (32ms) [Parameters=[@normalizedUserName='?' (Size = 256)], CommandType='"Text"', CommandTimeout='30']
SELECT TOP(1) [a].[Id], [a].[AccessFailedCount], [a].[ConcurrencyStamp], [a].[Email], [a].[EmailConfirmed], [a].[LockoutEnabled], [a].[LockoutEnd], [a].[NormalizedEmail], [a].[NormalizedUserName], [a].[PasswordHash], [a].[PhoneNumber], [a].[PhoneNumberConfirmed], [a].[SecurityStamp], [a].[TwoFactorEnabled], [a].[UserName]
FROM [AspNetUsers] AS [a]
WHERE [a].[NormalizedUserName] = @normalizedUserName
2026-02-23 19:29:28.198 +00:00 [INF] Now listening on: http://localhost:5000
2026-02-23 19:29:28.239 +00:00 [INF] Application started. Press Ctrl+C to shut down.
2026-02-23 19:29:28.241 +00:00 [INF] Hosting environment: Development
2026-02-23 19:29:28.242 +00:00 [INF] Content root path: C:\Users\pablo\source\repos\Pabloskymf7\fs-lab-assignment-sportsstore-80457\SportsStore
2026-02-23 19:29:28.995 +00:00 [INF] Request starting HTTP/1.1 GET http://localhost:5000/ - null null
2026-02-23 19:29:29.126 +00:00 [INF] Executing endpoint 'SportsStore.Controllers.HomeController.Index (SportsStore)'
2026-02-23 19:29:29.144 +00:00 [INF] Route matched with {action = "Index", controller = "Home", page = ""}. Executing controller action with signature Microsoft.AspNetCore.Mvc.ViewResult Index(System.String, Int32) on controller SportsStore.Controllers.HomeController (SportsStore).
2026-02-23 19:29:29.217 +00:00 [INF] Executed DbCommand (1ms) [Parameters=[], CommandType='"Text"', CommandTimeout='30']
SELECT COUNT(*)
FROM [Products] AS [p]
2026-02-23 19:29:29.227 +00:00 [INF] Executing ViewResult, running view Index.
2026-02-23 19:29:29.268 +00:00 [INF] Executed DbCommand (1ms) [Parameters=[@p='?' (DbType = Int32), @p1='?' (DbType = Int32)], CommandType='"Text"', CommandTimeout='30']
SELECT [p].[ProductID], [p].[Category], [p].[Description], [p].[Name], [p].[Price]
FROM [Products] AS [p]
ORDER BY [p].[ProductID]
OFFSET @p ROWS FETCH NEXT @p1 ROWS ONLY
2026-02-23 19:29:29.454 +00:00 [INF] Executed DbCommand (1ms) [Parameters=[], CommandType='"Text"', CommandTimeout='30']
SELECT [p0].[Category]
FROM (
    SELECT DISTINCT [p].[Category]
    FROM [Products] AS [p]
) AS [p0]
ORDER BY [p0].[Category]
2026-02-23 19:29:29.500 +00:00 [INF] Executed ViewResult - view Index executed in 275.2281ms.
2026-02-23 19:29:29.503 +00:00 [INF] Executed action SportsStore.Controllers.HomeController.Index (SportsStore) in 355.3124ms
2026-02-23 19:29:29.504 +00:00 [INF] Executed endpoint 'SportsStore.Controllers.HomeController.Index (SportsStore)'
2026-02-23 19:29:29.509 +00:00 [INF] HTTP GET / responded 200 in 406.8587 ms
2026-02-23 19:29:29.519 +00:00 [INF] Request starting HTTP/1.1 GET http://localhost:5000/_framework/aspnetcore-browser-refresh.js - null null
2026-02-23 19:29:29.519 +00:00 [INF] Request starting HTTP/1.1 GET http://localhost:5000/lib/font-awesome/css/all.min.css - null null
2026-02-23 19:29:29.534 +00:00 [INF] Request finished HTTP/1.1 GET http://localhost:5000/_framework/aspnetcore-browser-refresh.js - 200 16507 application/javascript; charset=utf-8 13.917ms
2026-02-23 19:29:29.541 +00:00 [INF] HTTP GET /lib/font-awesome/css/all.min.css responded 404 in 6.4661 ms
2026-02-23 19:29:29.542 +00:00 [INF] Request finished HTTP/1.1 GET http://localhost:5000/ - 200 null text/html; charset=utf-8 570.4332ms
2026-02-23 19:29:29.543 +00:00 [INF] Request finished HTTP/1.1 GET http://localhost:5000/lib/font-awesome/css/all.min.css - 404 0 null 24.5959ms
2026-02-23 19:29:29.547 +00:00 [INF] Request reached the end of the middleware pipeline without being handled by application code. Request path: GET http://localhost:5000/lib/font-awesome/css/all.min.css, Response status code: 404
2026-02-23 19:29:29.585 +00:00 [INF] Request starting HTTP/1.1 GET http://localhost:5000/favicon.ico - null null
2026-02-23 19:29:29.592 +00:00 [INF] Executing endpoint 'SportsStore.Controllers.HomeController.Index (SportsStore)'
2026-02-23 19:29:29.594 +00:00 [INF] Route matched with {action = "Index", controller = "Home", page = ""}. Executing controller action with signature Microsoft.AspNetCore.Mvc.ViewResult Index(System.String, Int32) on controller SportsStore.Controllers.HomeController (SportsStore).
2026-02-23 19:29:29.609 +00:00 [INF] Executed DbCommand (1ms) [Parameters=[@category='?' (Size = 4000)], CommandType='"Text"', CommandTimeout='30']
SELECT COUNT(*)
FROM [Products] AS [p]
WHERE [p].[Category] = @category
2026-02-23 19:29:29.612 +00:00 [INF] Executing ViewResult, running view Index.
2026-02-23 19:29:29.624 +00:00 [INF] Executed DbCommand (1ms) [Parameters=[@category='?' (Size = 4000), @p='?' (DbType = Int32), @p2='?' (DbType = Int32)], CommandType='"Text"', CommandTimeout='30']
SELECT [p].[ProductID], [p].[Category], [p].[Description], [p].[Name], [p].[Price]
FROM [Products] AS [p]
WHERE [p].[Category] = @category
ORDER BY [p].[ProductID]
OFFSET @p ROWS FETCH NEXT @p2 ROWS ONLY
2026-02-23 19:29:29.633 +00:00 [INF] Executed DbCommand (1ms) [Parameters=[], CommandType='"Text"', CommandTimeout='30']
SELECT [p0].[Category]
FROM (
    SELECT DISTINCT [p].[Category]
    FROM [Products] AS [p]
) AS [p0]
ORDER BY [p0].[Category]
2026-02-23 19:29:29.644 +00:00 [INF] Executed ViewResult - view Index executed in 32.12ms.
2026-02-23 19:29:29.646 +00:00 [INF] Executed action SportsStore.Controllers.HomeController.Index (SportsStore) in 49.842ms
2026-02-23 19:29:29.647 +00:00 [INF] Executed endpoint 'SportsStore.Controllers.HomeController.Index (SportsStore)'
2026-02-23 19:29:29.648 +00:00 [INF] HTTP GET /favicon.ico responded 200 in 59.0281 ms
2026-02-23 19:29:29.649 +00:00 [INF] Request finished HTTP/1.1 GET http://localhost:5000/favicon.ico - 200 null text/html; charset=utf-8 64.1247ms
2026-02-23 19:29:35.542 +00:00 [INF] Request starting HTTP/1.1 GET http://localhost:5000/Cart?returnurl=%2F - null null
2026-02-23 19:29:35.549 +00:00 [INF] Executing endpoint '/Cart'
2026-02-23 19:29:35.567 +00:00 [INF] Route matched with {page = "/Cart", action = "", controller = ""}. Executing page /Cart
2026-02-23 19:29:35.582 +00:00 [INF] Executing handler method SportsStore.Pages.CartModel.OnGet - ModelState is "Valid"
2026-02-23 19:29:35.585 +00:00 [INF] Executed handler method OnGet, returned result .
2026-02-23 19:29:35.589 +00:00 [INF] Executing an implicit handler method - ModelState is "Valid"
2026-02-23 19:29:35.590 +00:00 [INF] Executed an implicit handler method, returned result Microsoft.AspNetCore.Mvc.RazorPages.PageResult.
2026-02-23 19:29:35.613 +00:00 [INF] Executed page /Cart in 44.2363ms
2026-02-23 19:29:35.615 +00:00 [INF] Executed endpoint '/Cart'
2026-02-23 19:29:35.615 +00:00 [INF] HTTP GET /Cart responded 200 in 66.6672 ms
2026-02-23 19:29:35.618 +00:00 [INF] Request finished HTTP/1.1 GET http://localhost:5000/Cart?returnurl=%2F - 200 null text/html; charset=utf-8 75.9609ms
2026-02-23 19:29:35.634 +00:00 [INF] Request starting HTTP/1.1 GET http://localhost:5000/_framework/aspnetcore-browser-refresh.js - null null
2026-02-23 19:29:35.637 +00:00 [INF] Request finished HTTP/1.1 GET http://localhost:5000/_framework/aspnetcore-browser-refresh.js - 200 16507 application/javascript; charset=utf-8 2.7467ms
2026-02-23 19:29:35.652 +00:00 [INF] Request starting HTTP/1.1 GET http://localhost:5000/favicon.ico - null null
2026-02-23 19:29:35.656 +00:00 [INF] Executing endpoint 'SportsStore.Controllers.HomeController.Index (SportsStore)'
2026-02-23 19:29:35.657 +00:00 [INF] Route matched with {action = "Index", controller = "Home", page = ""}. Executing controller action with signature Microsoft.AspNetCore.Mvc.ViewResult Index(System.String, Int32) on controller SportsStore.Controllers.HomeController (SportsStore).
2026-02-23 19:29:35.661 +00:00 [INF] Executed DbCommand (1ms) [Parameters=[@category='?' (Size = 4000)], CommandType='"Text"', CommandTimeout='30']
SELECT COUNT(*)
FROM [Products] AS [p]
WHERE [p].[Category] = @category
2026-02-23 19:29:35.663 +00:00 [INF] Executing ViewResult, running view Index.
2026-02-23 19:29:35.667 +00:00 [INF] Executed DbCommand (0ms) [Parameters=[@category='?' (Size = 4000), @p='?' (DbType = Int32), @p2='?' (DbType = Int32)], CommandType='"Text"', CommandTimeout='30']
SELECT [p].[ProductID], [p].[Category], [p].[Description], [p].[Name], [p].[Price]
FROM [Products] AS [p]
WHERE [p].[Category] = @category
ORDER BY [p].[ProductID]
OFFSET @p ROWS FETCH NEXT @p2 ROWS ONLY
2026-02-23 19:29:35.671 +00:00 [INF] Executed DbCommand (0ms) [Parameters=[], CommandType='"Text"', CommandTimeout='30']
SELECT [p0].[Category]
FROM (
    SELECT DISTINCT [p].[Category]
    FROM [Products] AS [p]
) AS [p0]
ORDER BY [p0].[Category]
2026-02-23 19:29:35.673 +00:00 [INF] Executed ViewResult - view Index executed in 10.5836ms.
2026-02-23 19:29:35.675 +00:00 [INF] Executed action SportsStore.Controllers.HomeController.Index (SportsStore) in 16.8318ms
2026-02-23 19:29:35.676 +00:00 [INF] Executed endpoint 'SportsStore.Controllers.HomeController.Index (SportsStore)'
2026-02-23 19:29:35.676 +00:00 [INF] HTTP GET /favicon.ico responded 200 in 20.9389 ms
2026-02-23 19:29:35.678 +00:00 [INF] Request finished HTTP/1.1 GET http://localhost:5000/favicon.ico - 200 null text/html; charset=utf-8 25.3961ms
2026-02-23 19:29:37.826 +00:00 [INF] Request starting HTTP/1.1 GET http://localhost:5000/ - null null
2026-02-23 19:29:37.828 +00:00 [INF] Executing endpoint 'SportsStore.Controllers.HomeController.Index (SportsStore)'
2026-02-23 19:29:37.829 +00:00 [INF] Route matched with {action = "Index", controller = "Home", page = ""}. Executing controller action with signature Microsoft.AspNetCore.Mvc.ViewResult Index(System.String, Int32) on controller SportsStore.Controllers.HomeController (SportsStore).
2026-02-23 19:29:37.834 +00:00 [INF] Executed DbCommand (0ms) [Parameters=[], CommandType='"Text"', CommandTimeout='30']
SELECT COUNT(*)
FROM [Products] AS [p]
2026-02-23 19:29:37.836 +00:00 [INF] Executing ViewResult, running view Index.
2026-02-23 19:29:37.838 +00:00 [INF] Executed DbCommand (0ms) [Parameters=[@p='?' (DbType = Int32), @p1='?' (DbType = Int32)], CommandType='"Text"', CommandTimeout='30']
SELECT [p].[ProductID], [p].[Category], [p].[Description], [p].[Name], [p].[Price]
FROM [Products] AS [p]
ORDER BY [p].[ProductID]
OFFSET @p ROWS FETCH NEXT @p1 ROWS ONLY
2026-02-23 19:29:37.850 +00:00 [INF] Executed DbCommand (0ms) [Parameters=[], CommandType='"Text"', CommandTimeout='30']
SELECT [p0].[Category]
FROM (
    SELECT DISTINCT [p].[Category]
    FROM [Products] AS [p]
) AS [p0]
ORDER BY [p0].[Category]
2026-02-23 19:29:37.852 +00:00 [INF] Executed ViewResult - view Index executed in 15.5099ms.
2026-02-23 19:29:37.853 +00:00 [INF] Executed action SportsStore.Controllers.HomeController.Index (SportsStore) in 22.1878ms
2026-02-23 19:29:37.854 +00:00 [INF] Executed endpoint 'SportsStore.Controllers.HomeController.Index (SportsStore)'
2026-02-23 19:29:37.854 +00:00 [INF] HTTP GET / responded 200 in 26.4081 ms
2026-02-23 19:29:37.856 +00:00 [INF] Request finished HTTP/1.1 GET http://localhost:5000/ - 200 null text/html; charset=utf-8 30.604ms
2026-02-23 19:29:37.870 +00:00 [INF] Request starting HTTP/1.1 GET http://localhost:5000/_framework/aspnetcore-browser-refresh.js - null null
2026-02-23 19:29:37.873 +00:00 [INF] Request finished HTTP/1.1 GET http://localhost:5000/_framework/aspnetcore-browser-refresh.js - 200 16507 application/javascript; charset=utf-8 2.2791ms
2026-02-23 19:29:37.887 +00:00 [INF] Request starting HTTP/1.1 GET http://localhost:5000/favicon.ico - null null
2026-02-23 19:29:37.891 +00:00 [INF] Executing endpoint 'SportsStore.Controllers.HomeController.Index (SportsStore)'
2026-02-23 19:29:37.892 +00:00 [INF] Route matched with {action = "Index", controller = "Home", page = ""}. Executing controller action with signature Microsoft.AspNetCore.Mvc.ViewResult Index(System.String, Int32) on controller SportsStore.Controllers.HomeController (SportsStore).
2026-02-23 19:29:37.896 +00:00 [INF] Executed DbCommand (2ms) [Parameters=[@category='?' (Size = 4000)], CommandType='"Text"', CommandTimeout='30']
SELECT COUNT(*)
FROM [Products] AS [p]
WHERE [p].[Category] = @category
2026-02-23 19:29:37.898 +00:00 [INF] Executing ViewResult, running view Index.
2026-02-23 19:29:37.900 +00:00 [INF] Executed DbCommand (0ms) [Parameters=[@category='?' (Size = 4000), @p='?' (DbType = Int32), @p2='?' (DbType = Int32)], CommandType='"Text"', CommandTimeout='30']
SELECT [p].[ProductID], [p].[Category], [p].[Description], [p].[Name], [p].[Price]
FROM [Products] AS [p]
WHERE [p].[Category] = @category
ORDER BY [p].[ProductID]
OFFSET @p ROWS FETCH NEXT @p2 ROWS ONLY
2026-02-23 19:29:37.903 +00:00 [INF] Executed DbCommand (0ms) [Parameters=[], CommandType='"Text"', CommandTimeout='30']
SELECT [p0].[Category]
FROM (
    SELECT DISTINCT [p].[Category]
    FROM [Products] AS [p]
) AS [p0]
ORDER BY [p0].[Category]
2026-02-23 19:29:37.905 +00:00 [INF] Executed ViewResult - view Index executed in 6.4866ms.
2026-02-23 19:29:37.906 +00:00 [INF] Executed action SportsStore.Controllers.HomeController.Index (SportsStore) in 12.8666ms
2026-02-23 19:29:37.906 +00:00 [INF] Executed endpoint 'SportsStore.Controllers.HomeController.Index (SportsStore)'
2026-02-23 19:29:37.907 +00:00 [INF] HTTP GET /favicon.ico responded 200 in 16.7358 ms
2026-02-23 19:29:37.909 +00:00 [INF] Request finished HTTP/1.1 GET http://localhost:5000/favicon.ico - 200 null text/html; charset=utf-8 21.8128ms
2026-02-23 19:33:39.457 +00:00 [INF] Aplicaci贸n iniciada correctamente
2026-02-23 19:33:39.565 +00:00 [INF] User profile is available. Using 'C:\Users\pablo\AppData\Local\ASP.NET\DataProtection-Keys' as key repository and Windows DPAPI to encrypt keys at rest.
2026-02-23 19:33:40.448 +00:00 [INF] Executed DbCommand (13ms) [Parameters=[], CommandType='"Text"', CommandTimeout='30']
SELECT 1
2026-02-23 19:33:40.473 +00:00 [INF] Executed DbCommand (9ms) [Parameters=[], CommandType='"Text"', CommandTimeout='30']
SELECT OBJECT_ID(N'[__EFMigrationsHistory]');
2026-02-23 19:33:40.489 +00:00 [INF] Executed DbCommand (2ms) [Parameters=[], CommandType='"Text"', CommandTimeout='30']
SELECT [MigrationId], [ProductVersion]
FROM [__EFMigrationsHistory]
ORDER BY [MigrationId];
2026-02-23 19:33:40.705 +00:00 [INF] Executed DbCommand (2ms) [Parameters=[], CommandType='"Text"', CommandTimeout='30']
SELECT CASE
    WHEN EXISTS (
        SELECT 1
        FROM [Products] AS [p]) THEN CAST(1 AS bit)
    ELSE CAST(0 AS bit)
END
2026-02-23 19:33:40.826 +00:00 [INF] Executed DbCommand (0ms) [Parameters=[], CommandType='"Text"', CommandTimeout='30']
SELECT 1
2026-02-23 19:33:40.829 +00:00 [INF] Executed DbCommand (1ms) [Parameters=[], CommandType='"Text"', CommandTimeout='30']
SELECT OBJECT_ID(N'[__EFMigrationsHistory]');
2026-02-23 19:33:40.833 +00:00 [INF] Executed DbCommand (1ms) [Parameters=[], CommandType='"Text"', CommandTimeout='30']
SELECT [MigrationId], [ProductVersion]
FROM [__EFMigrationsHistory]
ORDER BY [MigrationId];
2026-02-23 19:33:41.035 +00:00 [INF] Executed DbCommand (38ms) [Parameters=[@normalizedUserName='?' (Size = 256)], CommandType='"Text"', CommandTimeout='30']
SELECT TOP(1) [a].[Id], [a].[AccessFailedCount], [a].[ConcurrencyStamp], [a].[Email], [a].[EmailConfirmed], [a].[LockoutEnabled], [a].[LockoutEnd], [a].[NormalizedEmail], [a].[NormalizedUserName], [a].[PasswordHash], [a].[PhoneNumber], [a].[PhoneNumberConfirmed], [a].[SecurityStamp], [a].[TwoFactorEnabled], [a].[UserName]
FROM [AspNetUsers] AS [a]
WHERE [a].[NormalizedUserName] = @normalizedUserName
2026-02-23 19:33:41.162 +00:00 [INF] Now listening on: http://localhost:5000
2026-02-23 19:33:41.195 +00:00 [INF] Application started. Press Ctrl+C to shut down.
2026-02-23 19:33:41.197 +00:00 [INF] Hosting environment: Development
2026-02-23 19:33:41.198 +00:00 [INF] Content root path: C:\Users\pablo\source\repos\Pabloskymf7\fs-lab-assignment-sportsstore-80457\SportsStore
2026-02-23 19:33:41.707 +00:00 [INF] Request starting HTTP/1.1 GET http://localhost:5000/ - null null
2026-02-23 19:33:41.832 +00:00 [INF] Executing endpoint 'SportsStore.Controllers.HomeController.Index (SportsStore)'
2026-02-23 19:33:41.858 +00:00 [INF] Route matched with {action = "Index", controller = "Home", page = ""}. Executing controller action with signature Microsoft.AspNetCore.Mvc.ViewResult Index(System.String, Int32) on controller SportsStore.Controllers.HomeController (SportsStore).
2026-02-23 19:33:41.942 +00:00 [INF] Executed DbCommand (1ms) [Parameters=[], CommandType='"Text"', CommandTimeout='30']
SELECT COUNT(*)
FROM [Products] AS [p]
2026-02-23 19:33:41.955 +00:00 [INF] Executing ViewResult, running view Index.
2026-02-23 19:33:42.004 +00:00 [INF] Executed DbCommand (1ms) [Parameters=[@p='?' (DbType = Int32), @p1='?' (DbType = Int32)], CommandType='"Text"', CommandTimeout='30']
SELECT [p].[ProductID], [p].[Category], [p].[Description], [p].[Name], [p].[Price]
FROM [Products] AS [p]
ORDER BY [p].[ProductID]
OFFSET @p ROWS FETCH NEXT @p1 ROWS ONLY
2026-02-23 19:33:42.186 +00:00 [INF] Executed DbCommand (1ms) [Parameters=[], CommandType='"Text"', CommandTimeout='30']
SELECT [p0].[Category]
FROM (
    SELECT DISTINCT [p].[Category]
    FROM [Products] AS [p]
) AS [p0]
ORDER BY [p0].[Category]
2026-02-23 19:33:42.213 +00:00 [INF] Executed ViewResult - view Index executed in 261.1399ms.
2026-02-23 19:33:42.215 +00:00 [INF] Executed action SportsStore.Controllers.HomeController.Index (SportsStore) in 352.7676ms
2026-02-23 19:33:42.217 +00:00 [INF] Executed endpoint 'SportsStore.Controllers.HomeController.Index (SportsStore)'
2026-02-23 19:33:42.221 +00:00 [INF] HTTP GET / responded 200 in 420.5432 ms
2026-02-23 19:33:42.256 +00:00 [INF] Request starting HTTP/1.1 GET http://localhost:5000/lib/font-awesome/css/all.min.css - null null
2026-02-23 19:33:42.256 +00:00 [INF] Request starting HTTP/1.1 GET http://localhost:5000/_framework/aspnetcore-browser-refresh.js - null null
2026-02-23 19:33:42.267 +00:00 [INF] Request finished HTTP/1.1 GET http://localhost:5000/_framework/aspnetcore-browser-refresh.js - 200 16507 application/javascript; charset=utf-8 7.3609ms
2026-02-23 19:33:42.267 +00:00 [INF] Request finished HTTP/1.1 GET http://localhost:5000/ - 200 null text/html; charset=utf-8 574.2595ms
2026-02-23 19:33:42.267 +00:00 [INF] HTTP GET /lib/font-awesome/css/all.min.css responded 404 in 6.9960 ms
2026-02-23 19:33:42.272 +00:00 [INF] Request finished HTTP/1.1 GET http://localhost:5000/lib/font-awesome/css/all.min.css - 404 0 null 17.0551ms
2026-02-23 19:33:42.278 +00:00 [INF] Request reached the end of the middleware pipeline without being handled by application code. Request path: GET http://localhost:5000/lib/font-awesome/css/all.min.css, Response status code: 404
2026-02-23 19:33:42.325 +00:00 [INF] Request starting HTTP/1.1 GET http://localhost:5000/favicon.ico - null null
2026-02-23 19:33:42.333 +00:00 [INF] Executing endpoint 'SportsStore.Controllers.HomeController.Index (SportsStore)'
2026-02-23 19:33:42.335 +00:00 [INF] Route matched with {action = "Index", controller = "Home", page = ""}. Executing controller action with signature Microsoft.AspNetCore.Mvc.ViewResult Index(System.String, Int32) on controller SportsStore.Controllers.HomeController (SportsStore).
2026-02-23 19:33:42.348 +00:00 [INF] Executed DbCommand (2ms) [Parameters=[@category='?' (Size = 4000)], CommandType='"Text"', CommandTimeout='30']
SELECT COUNT(*)
FROM [Products] AS [p]
WHERE [p].[Category] = @category
2026-02-23 19:33:42.351 +00:00 [INF] Executing ViewResult, running view Index.
2026-02-23 19:33:42.361 +00:00 [INF] Executed DbCommand (1ms) [Parameters=[@category='?' (Size = 4000), @p='?' (DbType = Int32), @p2='?' (DbType = Int32)], CommandType='"Text"', CommandTimeout='30']
SELECT [p].[ProductID], [p].[Category], [p].[Description], [p].[Name], [p].[Price]
FROM [Products] AS [p]
WHERE [p].[Category] = @category
ORDER BY [p].[ProductID]
OFFSET @p ROWS FETCH NEXT @p2 ROWS ONLY
2026-02-23 19:33:42.372 +00:00 [INF] Executed DbCommand (0ms) [Parameters=[], CommandType='"Text"', CommandTimeout='30']
SELECT [p0].[Category]
FROM (
    SELECT DISTINCT [p].[Category]
    FROM [Products] AS [p]
) AS [p0]
ORDER BY [p0].[Category]
2026-02-23 19:33:42.383 +00:00 [INF] Executed ViewResult - view Index executed in 31.497ms.
2026-02-23 19:33:42.384 +00:00 [INF] Executed action SportsStore.Controllers.HomeController.Index (SportsStore) in 48.0554ms
2026-02-23 19:33:42.385 +00:00 [INF] Executed endpoint 'SportsStore.Controllers.HomeController.Index (SportsStore)'
2026-02-23 19:33:42.386 +00:00 [INF] HTTP GET /favicon.ico responded 200 in 56.1134 ms
2026-02-23 19:33:42.388 +00:00 [INF] Request finished HTTP/1.1 GET http://localhost:5000/favicon.ico - 200 null text/html; charset=utf-8 63.1426ms
2026-02-23 19:34:43.114 +00:00 [INF] Aplicaci贸n iniciada correctamente
2026-02-23 19:34:43.279 +00:00 [INF] User profile is available. Using 'C:\Users\pablo\AppData\Local\ASP.NET\DataProtection-Keys' as key repository and Windows DPAPI to encrypt keys at rest.
2026-02-23 19:34:44.207 +00:00 [INF] Executed DbCommand (23ms) [Parameters=[], CommandType='"Text"', CommandTimeout='30']
SELECT 1
2026-02-23 19:34:44.230 +00:00 [INF] Executed DbCommand (10ms) [Parameters=[], CommandType='"Text"', CommandTimeout='30']
SELECT OBJECT_ID(N'[__EFMigrationsHistory]');
2026-02-23 19:34:44.248 +00:00 [INF] Executed DbCommand (2ms) [Parameters=[], CommandType='"Text"', CommandTimeout='30']
SELECT [MigrationId], [ProductVersion]
FROM [__EFMigrationsHistory]
ORDER BY [MigrationId];
2026-02-23 19:34:44.452 +00:00 [INF] Executed DbCommand (2ms) [Parameters=[], CommandType='"Text"', CommandTimeout='30']
SELECT CASE
    WHEN EXISTS (
        SELECT 1
        FROM [Products] AS [p]) THEN CAST(1 AS bit)
    ELSE CAST(0 AS bit)
END
2026-02-23 19:34:44.569 +00:00 [INF] Executed DbCommand (0ms) [Parameters=[], CommandType='"Text"', CommandTimeout='30']
SELECT 1
2026-02-23 19:34:44.573 +00:00 [INF] Executed DbCommand (1ms) [Parameters=[], CommandType='"Text"', CommandTimeout='30']
SELECT OBJECT_ID(N'[__EFMigrationsHistory]');
2026-02-23 19:34:44.576 +00:00 [INF] Executed DbCommand (1ms) [Parameters=[], CommandType='"Text"', CommandTimeout='30']
SELECT [MigrationId], [ProductVersion]
FROM [__EFMigrationsHistory]
ORDER BY [MigrationId];
2026-02-23 19:34:44.739 +00:00 [INF] Executed DbCommand (31ms) [Parameters=[@normalizedUserName='?' (Size = 256)], CommandType='"Text"', CommandTimeout='30']
SELECT TOP(1) [a].[Id], [a].[AccessFailedCount], [a].[ConcurrencyStamp], [a].[Email], [a].[EmailConfirmed], [a].[LockoutEnabled], [a].[LockoutEnd], [a].[NormalizedEmail], [a].[NormalizedUserName], [a].[PasswordHash], [a].[PhoneNumber], [a].[PhoneNumberConfirmed], [a].[SecurityStamp], [a].[TwoFactorEnabled], [a].[UserName]
FROM [AspNetUsers] AS [a]
WHERE [a].[NormalizedUserName] = @normalizedUserName
2026-02-23 19:34:44.847 +00:00 [INF] Now listening on: http://localhost:5000
2026-02-23 19:34:44.878 +00:00 [INF] Application started. Press Ctrl+C to shut down.
2026-02-23 19:34:44.879 +00:00 [INF] Hosting environment: Development
2026-02-23 19:34:44.880 +00:00 [INF] Content root path: C:\Users\pablo\source\repos\Pabloskymf7\fs-lab-assignment-sportsstore-80457\SportsStore
2026-02-23 19:34:45.565 +00:00 [INF] Request starting HTTP/1.1 GET http://localhost:5000/ - null null
2026-02-23 19:34:45.691 +00:00 [INF] Executing endpoint 'SportsStore.Controllers.HomeController.Index (SportsStore)'
2026-02-23 19:34:45.715 +00:00 [INF] Route matched with {action = "Index", controller = "Home", page = ""}. Executing controller action with signature Microsoft.AspNetCore.Mvc.ViewResult Index(System.String, Int32) on controller SportsStore.Controllers.HomeController (SportsStore).
2026-02-23 19:34:45.781 +00:00 [INF] Executed DbCommand (1ms) [Parameters=[], CommandType='"Text"', CommandTimeout='30']
SELECT COUNT(*)
FROM [Products] AS [p]
2026-02-23 19:34:45.795 +00:00 [INF] Executing ViewResult, running view Index.
2026-02-23 19:34:45.851 +00:00 [INF] Executed DbCommand (1ms) [Parameters=[@p='?' (DbType = Int32), @p1='?' (DbType = Int32)], CommandType='"Text"', CommandTimeout='30']
SELECT [p].[ProductID], [p].[Category], [p].[Description], [p].[Name], [p].[Price]
FROM [Products] AS [p]
ORDER BY [p].[ProductID]
OFFSET @p ROWS FETCH NEXT @p1 ROWS ONLY
2026-02-23 19:34:46.026 +00:00 [INF] Executed DbCommand (1ms) [Parameters=[], CommandType='"Text"', CommandTimeout='30']
SELECT [p0].[Category]
FROM (
    SELECT DISTINCT [p].[Category]
    FROM [Products] AS [p]
) AS [p0]
ORDER BY [p0].[Category]
2026-02-23 19:34:46.053 +00:00 [INF] Executed ViewResult - view Index executed in 263.1963ms.
2026-02-23 19:34:46.057 +00:00 [INF] Executed action SportsStore.Controllers.HomeController.Index (SportsStore) in 337.689ms
2026-02-23 19:34:46.058 +00:00 [INF] Executed endpoint 'SportsStore.Controllers.HomeController.Index (SportsStore)'
2026-02-23 19:34:46.062 +00:00 [INF] HTTP GET / responded 200 in 394.5417 ms
2026-02-23 19:34:46.069 +00:00 [INF] Request starting HTTP/1.1 GET http://localhost:5000/lib/font-awesome/css/all.min.css - null null
2026-02-23 19:34:46.069 +00:00 [INF] Request starting HTTP/1.1 GET http://localhost:5000/_framework/aspnetcore-browser-refresh.js - null null
2026-02-23 19:34:46.077 +00:00 [INF] HTTP GET /lib/font-awesome/css/all.min.css responded 404 in 1.8655 ms
2026-02-23 19:34:46.078 +00:00 [INF] Request finished HTTP/1.1 GET http://localhost:5000/_framework/aspnetcore-browser-refresh.js - 200 16507 application/javascript; charset=utf-8 8.6074ms
2026-02-23 19:34:46.079 +00:00 [INF] Request finished HTTP/1.1 GET http://localhost:5000/ - 200 null text/html; charset=utf-8 530.6971ms
2026-02-23 19:34:46.079 +00:00 [INF] Request finished HTTP/1.1 GET http://localhost:5000/lib/font-awesome/css/all.min.css - 404 0 null 10.7177ms
2026-02-23 19:34:46.088 +00:00 [INF] Request reached the end of the middleware pipeline without being handled by application code. Request path: GET http://localhost:5000/lib/font-awesome/css/all.min.css, Response status code: 404
2026-02-23 19:34:46.130 +00:00 [INF] Request starting HTTP/1.1 GET http://localhost:5000/favicon.ico - null null
2026-02-23 19:34:46.136 +00:00 [INF] Executing endpoint 'SportsStore.Controllers.HomeController.Index (SportsStore)'
2026-02-23 19:34:46.138 +00:00 [INF] Route matched with {action = "Index", controller = "Home", page = ""}. Executing controller action with signature Microsoft.AspNetCore.Mvc.ViewResult Index(System.String, Int32) on controller SportsStore.Controllers.HomeController (SportsStore).
2026-02-23 19:34:46.149 +00:00 [INF] Executed DbCommand (1ms) [Parameters=[@category='?' (Size = 4000)], CommandType='"Text"', CommandTimeout='30']
SELECT COUNT(*)
FROM [Products] AS [p]
WHERE [p].[Category] = @category
2026-02-23 19:34:46.151 +00:00 [INF] Executing ViewResult, running view Index.
2026-02-23 19:34:46.159 +00:00 [INF] Executed DbCommand (2ms) [Parameters=[@category='?' (Size = 4000), @p='?' (DbType = Int32), @p2='?' (DbType = Int32)], CommandType='"Text"', CommandTimeout='30']
SELECT [p].[ProductID], [p].[Category], [p].[Description], [p].[Name], [p].[Price]
FROM [Products] AS [p]
WHERE [p].[Category] = @category
ORDER BY [p].[ProductID]
OFFSET @p ROWS FETCH NEXT @p2 ROWS ONLY
2026-02-23 19:34:46.169 +00:00 [INF] Executed DbCommand (0ms) [Parameters=[], CommandType='"Text"', CommandTimeout='30']
SELECT [p0].[Category]
FROM (
    SELECT DISTINCT [p].[Category]
    FROM [Products] AS [p]
) AS [p0]
ORDER BY [p0].[Category]
2026-02-23 19:34:46.179 +00:00 [INF] Executed ViewResult - view Index executed in 28.7036ms.
2026-02-23 19:34:46.181 +00:00 [INF] Executed action SportsStore.Controllers.HomeController.Index (SportsStore) in 41.4923ms
2026-02-23 19:34:46.182 +00:00 [INF] Executed endpoint 'SportsStore.Controllers.HomeController.Index (SportsStore)'
2026-02-23 19:34:46.183 +00:00 [INF] HTTP GET /favicon.ico responded 200 in 49.0027 ms
2026-02-23 19:34:46.185 +00:00 [INF] Request finished HTTP/1.1 GET http://localhost:5000/favicon.ico - 200 null text/html; charset=utf-8 55.1472ms
2026-02-23 19:34:48.035 +00:00 [INF] Request starting HTTP/1.1 GET http://localhost:5000/Chess/Page1 - null null
2026-02-23 19:34:48.038 +00:00 [INF] Executing endpoint 'SportsStore.Controllers.HomeController.Index (SportsStore)'
2026-02-23 19:34:48.040 +00:00 [INF] Route matched with {action = "Index", controller = "Home", page = ""}. Executing controller action with signature Microsoft.AspNetCore.Mvc.ViewResult Index(System.String, Int32) on controller SportsStore.Controllers.HomeController (SportsStore).
2026-02-23 19:34:48.048 +00:00 [INF] Executed DbCommand (0ms) [Parameters=[@category='?' (Size = 4000)], CommandType='"Text"', CommandTimeout='30']
SELECT COUNT(*)
FROM [Products] AS [p]
WHERE [p].[Category] = @category
2026-02-23 19:34:48.051 +00:00 [INF] Executing ViewResult, running view Index.
2026-02-23 19:34:48.056 +00:00 [INF] Executed DbCommand (1ms) [Parameters=[@category='?' (Size = 4000), @p='?' (DbType = Int32), @p2='?' (DbType = Int32)], CommandType='"Text"', CommandTimeout='30']
SELECT [p].[ProductID], [p].[Category], [p].[Description], [p].[Name], [p].[Price]
FROM [Products] AS [p]
WHERE [p].[Category] = @category
ORDER BY [p].[ProductID]
OFFSET @p ROWS FETCH NEXT @p2 ROWS ONLY
2026-02-23 19:34:48.071 +00:00 [INF] Executed DbCommand (1ms) [Parameters=[], CommandType='"Text"', CommandTimeout='30']
SELECT [p0].[Category]
FROM (
    SELECT DISTINCT [p].[Category]
    FROM [Products] AS [p]
) AS [p0]
ORDER BY [p0].[Category]
2026-02-23 19:34:48.075 +00:00 [INF] Executed ViewResult - view Index executed in 24.4688ms.
2026-02-23 19:34:48.077 +00:00 [INF] Executed action SportsStore.Controllers.HomeController.Index (SportsStore) in 34.6053ms
2026-02-23 19:34:48.079 +00:00 [INF] Executed endpoint 'SportsStore.Controllers.HomeController.Index (SportsStore)'
2026-02-23 19:34:48.080 +00:00 [INF] HTTP GET /Chess/Page1 responded 200 in 42.6670 ms
2026-02-23 19:34:48.084 +00:00 [INF] Request finished HTTP/1.1 GET http://localhost:5000/Chess/Page1 - 200 null text/html; charset=utf-8 49.397ms
2026-02-23 19:34:48.103 +00:00 [INF] Request starting HTTP/1.1 GET http://localhost:5000/lib/font-awesome/css/all.min.css - null null
2026-02-23 19:34:48.104 +00:00 [INF] Request starting HTTP/1.1 GET http://localhost:5000/_framework/aspnetcore-browser-refresh.js - null null
2026-02-23 19:34:48.109 +00:00 [INF] Request finished HTTP/1.1 GET http://localhost:5000/_framework/aspnetcore-browser-refresh.js - 200 16507 application/javascript; charset=utf-8 4.7128ms
2026-02-23 19:34:48.109 +00:00 [INF] HTTP GET /lib/font-awesome/css/all.min.css responded 404 in 2.8490 ms
2026-02-23 19:34:48.117 +00:00 [INF] Request finished HTTP/1.1 GET http://localhost:5000/lib/font-awesome/css/all.min.css - 404 0 null 13.9963ms
2026-02-23 19:34:48.120 +00:00 [INF] Request reached the end of the middleware pipeline without being handled by application code. Request path: GET http://localhost:5000/lib/font-awesome/css/all.min.css, Response status code: 404
2026-02-23 19:34:48.135 +00:00 [INF] Request starting HTTP/1.1 GET http://localhost:5000/favicon.ico - null null
2026-02-23 19:34:48.139 +00:00 [INF] Executing endpoint 'SportsStore.Controllers.HomeController.Index (SportsStore)'
2026-02-23 19:34:48.141 +00:00 [INF] Route matched with {action = "Index", controller = "Home", page = ""}. Executing controller action with signature Microsoft.AspNetCore.Mvc.ViewResult Index(System.String, Int32) on controller SportsStore.Controllers.HomeController (SportsStore).
2026-02-23 19:34:48.145 +00:00 [INF] Executed DbCommand (0ms) [Parameters=[@category='?' (Size = 4000)], CommandType='"Text"', CommandTimeout='30']
SELECT COUNT(*)
FROM [Products] AS [p]
WHERE [p].[Category] = @category
2026-02-23 19:34:48.148 +00:00 [INF] Executing ViewResult, running view Index.
2026-02-23 19:34:48.150 +00:00 [INF] Executed DbCommand (1ms) [Parameters=[@category='?' (Size = 4000), @p='?' (DbType = Int32), @p2='?' (DbType = Int32)], CommandType='"Text"', CommandTimeout='30']
SELECT [p].[ProductID], [p].[Category], [p].[Description], [p].[Name], [p].[Price]
FROM [Products] AS [p]
WHERE [p].[Category] = @category
ORDER BY [p].[ProductID]
OFFSET @p ROWS FETCH NEXT @p2 ROWS ONLY
2026-02-23 19:34:48.154 +00:00 [INF] Executed DbCommand (0ms) [Parameters=[], CommandType='"Text"', CommandTimeout='30']
SELECT [p0].[Category]
FROM (
    SELECT DISTINCT [p].[Category]
    FROM [Products] AS [p]
) AS [p0]
ORDER BY [p0].[Category]
2026-02-23 19:34:48.156 +00:00 [INF] Executed ViewResult - view Index executed in 8.6186ms.
2026-02-23 19:34:48.158 +00:00 [INF] Executed action SportsStore.Controllers.HomeController.Index (SportsStore) in 15.304ms
2026-02-23 19:34:48.159 +00:00 [INF] Executed endpoint 'SportsStore.Controllers.HomeController.Index (SportsStore)'
2026-02-23 19:34:48.160 +00:00 [INF] HTTP GET /favicon.ico responded 200 in 21.4062 ms
2026-02-23 19:34:48.162 +00:00 [INF] Request finished HTTP/1.1 GET http://localhost:5000/favicon.ico - 200 null text/html; charset=utf-8 27.3093ms
2026-02-23 19:35:04.523 +00:00 [INF] Request starting HTTP/1.1 POST http://localhost:5000/Cart - application/x-www-form-urlencoded 221
2026-02-23 19:35:04.526 +00:00 [INF] Executing endpoint '/Cart'
2026-02-23 19:35:04.541 +00:00 [INF] Route matched with {page = "/Cart", action = "", controller = ""}. Executing page /Cart
2026-02-23 19:35:04.563 +00:00 [INF] Executing handler method SportsStore.Pages.CartModel.OnPost - ModelState is "Valid"
2026-02-23 19:35:04.573 +00:00 [INF] Executed DbCommand (1ms) [Parameters=[@productId='?' (DbType = Int64)], CommandType='"Text"', CommandTimeout='30']
SELECT TOP(1) [p].[ProductID], [p].[Category], [p].[Description], [p].[Name], [p].[Price]
FROM [Products] AS [p]
WHERE [p].[ProductID] = @productId
2026-02-23 19:35:04.591 +00:00 [INF] Executed handler method OnPost, returned result Microsoft.AspNetCore.Mvc.RedirectToPageResult.
2026-02-23 19:35:04.594 +00:00 [INF] Executing RedirectToPageResult, redirecting to null.
2026-02-23 19:35:04.596 +00:00 [INF] Executed page /Cart in 52.6317ms
2026-02-23 19:35:04.597 +00:00 [INF] Executed endpoint '/Cart'
2026-02-23 19:35:04.599 +00:00 [INF] Session started; Key:1d55aaf3-64e6-72e4-4b7e-aa9c55ab84e2, Id:4b67373b-6dd0-303c-0659-fea47209a040
2026-02-23 19:35:04.601 +00:00 [INF] HTTP POST /Cart responded 302 in 75.5716 ms
2026-02-23 19:35:04.603 +00:00 [INF] Request finished HTTP/1.1 POST http://localhost:5000/Cart - 302 null null 80.7234ms
2026-02-23 19:35:04.607 +00:00 [INF] Request starting HTTP/1.1 GET http://localhost:5000/Cart?returnUrl=%2FChess%2FPage1 - null null
2026-02-23 19:35:04.614 +00:00 [INF] Executing endpoint '/Cart'
2026-02-23 19:35:04.615 +00:00 [INF] Route matched with {page = "/Cart", action = "", controller = ""}. Executing page /Cart
2026-02-23 19:35:04.622 +00:00 [INF] Executing handler method SportsStore.Pages.CartModel.OnGet - ModelState is "Valid"
2026-02-23 19:35:04.623 +00:00 [INF] Executed handler method OnGet, returned result .
2026-02-23 19:35:04.626 +00:00 [INF] Executing an implicit handler method - ModelState is "Valid"
2026-02-23 19:35:04.628 +00:00 [INF] Executed an implicit handler method, returned result Microsoft.AspNetCore.Mvc.RazorPages.PageResult.
2026-02-23 19:35:04.648 +00:00 [INF] Executed page /Cart in 31.8794ms
2026-02-23 19:35:04.650 +00:00 [INF] Executed endpoint '/Cart'
2026-02-23 19:35:04.651 +00:00 [INF] HTTP GET /Cart responded 200 in 37.2989 ms
2026-02-23 19:35:04.653 +00:00 [INF] Request finished HTTP/1.1 GET http://localhost:5000/Cart?returnUrl=%2FChess%2FPage1 - 200 null text/html; charset=utf-8 46.1567ms
2026-02-23 19:35:04.664 +00:00 [INF] Request starting HTTP/1.1 GET http://localhost:5000/_framework/aspnetcore-browser-refresh.js - null null
2026-02-23 19:35:04.666 +00:00 [INF] Request finished HTTP/1.1 GET http://localhost:5000/_framework/aspnetcore-browser-refresh.js - 200 16507 application/javascript; charset=utf-8 2.3771ms
2026-02-23 19:35:04.681 +00:00 [INF] Request starting HTTP/1.1 GET http://localhost:5000/favicon.ico - null null
2026-02-23 19:35:04.684 +00:00 [INF] Executing endpoint 'SportsStore.Controllers.HomeController.Index (SportsStore)'
2026-02-23 19:35:04.685 +00:00 [INF] Route matched with {action = "Index", controller = "Home", page = ""}. Executing controller action with signature Microsoft.AspNetCore.Mvc.ViewResult Index(System.String, Int32) on controller SportsStore.Controllers.HomeController (SportsStore).
2026-02-23 19:35:04.690 +00:00 [INF] Executed DbCommand (1ms) [Parameters=[@category='?' (Size = 4000)], CommandType='"Text"', CommandTimeout='30']
SELECT COUNT(*)
FROM [Products] AS [p]
WHERE [p].[Category] = @category
2026-02-23 19:35:04.693 +00:00 [INF] Executing ViewResult, running view Index.
2026-02-23 19:35:04.695 +00:00 [INF] Executed DbCommand (0ms) [Parameters=[@category='?' (Size = 4000), @p='?' (DbType = Int32), @p2='?' (DbType = Int32)], CommandType='"Text"', CommandTimeout='30']
SELECT [p].[ProductID], [p].[Category], [p].[Description], [p].[Name], [p].[Price]
FROM [Products] AS [p]
WHERE [p].[Category] = @category
ORDER BY [p].[ProductID]
OFFSET @p ROWS FETCH NEXT @p2 ROWS ONLY
2026-02-23 19:35:04.699 +00:00 [INF] Executed DbCommand (0ms) [Parameters=[], CommandType='"Text"', CommandTimeout='30']
SELECT [p0].[Category]
FROM (
    SELECT DISTINCT [p].[Category]
    FROM [Products] AS [p]
) AS [p0]
ORDER BY [p0].[Category]
2026-02-23 19:35:04.701 +00:00 [INF] Executed ViewResult - view Index executed in 8.7752ms.
2026-02-23 19:35:04.703 +00:00 [INF] Executed action SportsStore.Controllers.HomeController.Index (SportsStore) in 15.9191ms
2026-02-23 19:35:04.704 +00:00 [INF] Executed endpoint 'SportsStore.Controllers.HomeController.Index (SportsStore)'
2026-02-23 19:35:04.705 +00:00 [INF] HTTP GET /favicon.ico responded 200 in 20.5709 ms
2026-02-23 19:35:04.706 +00:00 [INF] Request finished HTTP/1.1 GET http://localhost:5000/favicon.ico - 200 null text/html; charset=utf-8 25.3603ms
2026-02-23 19:35:07.009 +00:00 [INF] Request starting HTTP/1.1 GET http://localhost:5000/Order/Checkout - null null
2026-02-23 19:35:07.012 +00:00 [INF] Executing endpoint 'SportsStore.Controllers.OrderController.Checkout (SportsStore)'
2026-02-23 19:35:07.016 +00:00 [INF] Route matched with {action = "Checkout", controller = "Order", page = ""}. Executing controller action with signature Microsoft.AspNetCore.Mvc.ViewResult Checkout() on controller SportsStore.Controllers.OrderController (SportsStore).
2026-02-23 19:35:07.020 +00:00 [INF] Executing ViewResult, running view Checkout.
2026-02-23 19:35:07.050 +00:00 [INF] Executed DbCommand (0ms) [Parameters=[], CommandType='"Text"', CommandTimeout='30']
SELECT [p0].[Category]
FROM (
    SELECT DISTINCT [p].[Category]
    FROM [Products] AS [p]
) AS [p0]
ORDER BY [p0].[Category]
2026-02-23 19:35:07.053 +00:00 [INF] Executed ViewResult - view Checkout executed in 34.5263ms.
2026-02-23 19:35:07.055 +00:00 [INF] Executed action SportsStore.Controllers.OrderController.Checkout (SportsStore) in 37.3369ms
2026-02-23 19:35:07.056 +00:00 [INF] Executed endpoint 'SportsStore.Controllers.OrderController.Checkout (SportsStore)'
2026-02-23 19:35:07.057 +00:00 [INF] HTTP GET /Order/Checkout responded 200 in 45.2524 ms
2026-02-23 19:35:07.059 +00:00 [INF] Request finished HTTP/1.1 GET http://localhost:5000/Order/Checkout - 200 null text/html; charset=utf-8 50.6202ms
2026-02-23 19:35:07.071 +00:00 [INF] Request starting HTTP/1.1 GET http://localhost:5000/lib/font-awesome/css/all.min.css - null null
2026-02-23 19:35:07.072 +00:00 [INF] Request starting HTTP/1.1 GET http://localhost:5000/_framework/aspnetcore-browser-refresh.js - null null
2026-02-23 19:35:07.074 +00:00 [INF] HTTP GET /lib/font-awesome/css/all.min.css responded 404 in 0.9595 ms
2026-02-23 19:35:07.076 +00:00 [INF] Request finished HTTP/1.1 GET http://localhost:5000/_framework/aspnetcore-browser-refresh.js - 200 16507 application/javascript; charset=utf-8 4.2583ms
2026-02-23 19:35:07.078 +00:00 [INF] Request finished HTTP/1.1 GET http://localhost:5000/lib/font-awesome/css/all.min.css - 404 0 null 6.3981ms
2026-02-23 19:35:07.083 +00:00 [INF] Request reached the end of the middleware pipeline without being handled by application code. Request path: GET http://localhost:5000/lib/font-awesome/css/all.min.css, Response status code: 404
2026-02-23 19:35:07.104 +00:00 [INF] Request starting HTTP/1.1 GET http://localhost:5000/favicon.ico - null null
2026-02-23 19:35:07.108 +00:00 [INF] Executing endpoint 'SportsStore.Controllers.HomeController.Index (SportsStore)'
2026-02-23 19:35:07.110 +00:00 [INF] Route matched with {action = "Index", controller = "Home", page = ""}. Executing controller action with signature Microsoft.AspNetCore.Mvc.ViewResult Index(System.String, Int32) on controller SportsStore.Controllers.HomeController (SportsStore).
2026-02-23 19:35:07.114 +00:00 [INF] Executed DbCommand (1ms) [Parameters=[@category='?' (Size = 4000)], CommandType='"Text"', CommandTimeout='30']
SELECT COUNT(*)
FROM [Products] AS [p]
WHERE [p].[Category] = @category
2026-02-23 19:35:07.117 +00:00 [INF] Executing ViewResult, running view Index.
2026-02-23 19:35:07.121 +00:00 [INF] Executed DbCommand (1ms) [Parameters=[@category='?' (Size = 4000), @p='?' (DbType = Int32), @p2='?' (DbType = Int32)], CommandType='"Text"', CommandTimeout='30']
SELECT [p].[ProductID], [p].[Category], [p].[Description], [p].[Name], [p].[Price]
FROM [Products] AS [p]
WHERE [p].[Category] = @category
ORDER BY [p].[ProductID]
OFFSET @p ROWS FETCH NEXT @p2 ROWS ONLY
2026-02-23 19:35:07.127 +00:00 [INF] Executed DbCommand (1ms) [Parameters=[], CommandType='"Text"', CommandTimeout='30']
SELECT [p0].[Category]
FROM (
    SELECT DISTINCT [p].[Category]
    FROM [Products] AS [p]
) AS [p0]
ORDER BY [p0].[Category]
2026-02-23 19:35:07.131 +00:00 [INF] Executed ViewResult - view Index executed in 13.5215ms.
2026-02-23 19:35:07.132 +00:00 [INF] Executed action SportsStore.Controllers.HomeController.Index (SportsStore) in 20.2095ms
2026-02-23 19:35:07.134 +00:00 [INF] Executed endpoint 'SportsStore.Controllers.HomeController.Index (SportsStore)'
2026-02-23 19:35:07.135 +00:00 [INF] HTTP GET /favicon.ico responded 200 in 26.7011 ms
2026-02-23 19:35:07.136 +00:00 [INF] Request finished HTTP/1.1 GET http://localhost:5000/favicon.ico - 200 null text/html; charset=utf-8 32.2895ms
2026-02-23 19:35:20.351 +00:00 [INF] Request starting HTTP/1.1 POST http://localhost:5000/Order/Checkout - application/x-www-form-urlencoded 270
2026-02-23 19:35:20.354 +00:00 [INF] Executing endpoint 'SportsStore.Controllers.OrderController.Checkout (SportsStore)'
2026-02-23 19:35:20.362 +00:00 [INF] Route matched with {action = "Checkout", controller = "Order", page = ""}. Executing controller action with signature Microsoft.AspNetCore.Mvc.IActionResult Checkout(SportsStore.Models.Order) on controller SportsStore.Controllers.OrderController (SportsStore).
2026-02-23 19:35:20.608 +00:00 [INF] Executed DbCommand (3ms) [Parameters=[@p0='?' (Size = 4000), @p1='?' (Size = 4000), @p2='?' (DbType = Boolean), @p3='?' (Size = 4000), @p4='?' (Size = 4000), @p5='?' (Size = 4000), @p6='?' (Size = 4000), @p7='?' (DbType = Boolean), @p8='?' (Size = 4000), @p9='?' (Size = 4000)], CommandType='"Text"', CommandTimeout='30']
SET IMPLICIT_TRANSACTIONS OFF;
SET NOCOUNT ON;
INSERT INTO [Orders] ([City], [Country], [GiftWrap], [Line1], [Line2], [Line3], [Name], [Shipped], [State], [Zip])
OUTPUT INSERTED.[OrderID]
VALUES (@p0, @p1, @p2, @p3, @p4, @p5, @p6, @p7, @p8, @p9);
2026-02-23 19:35:20.627 +00:00 [INF] Executed DbCommand (3ms) [Parameters=[@p10='?' (DbType = Int32), @p11='?' (DbType = Int64), @p12='?' (DbType = Int32)], CommandType='"Text"', CommandTimeout='30']
SET IMPLICIT_TRANSACTIONS OFF;
SET NOCOUNT ON;
INSERT INTO [CartLine] ([OrderID], [ProductID], [Quantity])
OUTPUT INSERTED.[CartLineID]
VALUES (@p10, @p11, @p12);
2026-02-23 19:35:20.643 +00:00 [INF] Order created: 2 for aa in aa
2026-02-23 19:35:20.646 +00:00 [INF] Executing RedirectToPageResult, redirecting to /Completed.
2026-02-23 19:35:20.647 +00:00 [INF] Executed action SportsStore.Controllers.OrderController.Checkout (SportsStore) in 283.0977ms
2026-02-23 19:35:20.647 +00:00 [INF] Executed endpoint 'SportsStore.Controllers.OrderController.Checkout (SportsStore)'
2026-02-23 19:35:20.649 +00:00 [INF] HTTP POST /Order/Checkout responded 302 in 294.8778 ms
2026-02-23 19:35:20.651 +00:00 [INF] Request finished HTTP/1.1 POST http://localhost:5000/Order/Checkout - 302 null null 299.8606ms
2026-02-23 19:35:20.653 +00:00 [INF] Request starting HTTP/1.1 GET http://localhost:5000/Completed?orderId=2 - null null
2026-02-23 19:35:20.656 +00:00 [INF] Executing endpoint '/Completed'
2026-02-23 19:35:20.662 +00:00 [INF] Route matched with {page = "/Completed", action = "", controller = ""}. Executing page /Completed
2026-02-23 19:35:20.665 +00:00 [INF] Executing an implicit handler method - ModelState is "Valid"
2026-02-23 19:35:20.666 +00:00 [INF] Executed an implicit handler method, returned result Microsoft.AspNetCore.Mvc.RazorPages.PageResult.
2026-02-23 19:35:20.673 +00:00 [INF] Executed page /Completed in 10.1383ms
2026-02-23 19:35:20.674 +00:00 [INF] Executed endpoint '/Completed'
2026-02-23 19:35:20.675 +00:00 [INF] HTTP GET /Completed responded 200 in 18.4943 ms
2026-02-23 19:35:20.676 +00:00 [INF] Request finished HTTP/1.1 GET http://localhost:5000/Completed?orderId=2 - 200 null text/html; charset=utf-8 23.0795ms
2026-02-23 19:35:20.694 +00:00 [INF] Request starting HTTP/1.1 GET http://localhost:5000/_framework/aspnetcore-browser-refresh.js - null null
2026-02-23 19:35:20.697 +00:00 [INF] Request finished HTTP/1.1 GET http://localhost:5000/_framework/aspnetcore-browser-refresh.js - 200 16507 application/javascript; charset=utf-8 2.9499ms
2026-02-23 19:35:20.714 +00:00 [INF] Request starting HTTP/1.1 GET http://localhost:5000/favicon.ico - null null
2026-02-23 19:35:20.717 +00:00 [INF] Executing endpoint 'SportsStore.Controllers.HomeController.Index (SportsStore)'
2026-02-23 19:35:20.719 +00:00 [INF] Route matched with {action = "Index", controller = "Home", page = ""}. Executing controller action with signature Microsoft.AspNetCore.Mvc.ViewResult Index(System.String, Int32) on controller SportsStore.Controllers.HomeController (SportsStore).
2026-02-23 19:35:20.722 +00:00 [INF] Executed DbCommand (1ms) [Parameters=[@category='?' (Size = 4000)], CommandType='"Text"', CommandTimeout='30']
SELECT COUNT(*)
FROM [Products] AS [p]
WHERE [p].[Category] = @category
2026-02-23 19:35:20.725 +00:00 [INF] Executing ViewResult, running view Index.
2026-02-23 19:35:20.728 +00:00 [INF] Executed DbCommand (1ms) [Parameters=[@category='?' (Size = 4000), @p='?' (DbType = Int32), @p2='?' (DbType = Int32)], CommandType='"Text"', CommandTimeout='30']
SELECT [p].[ProductID], [p].[Category], [p].[Description], [p].[Name], [p].[Price]
FROM [Products] AS [p]
WHERE [p].[Category] = @category
ORDER BY [p].[ProductID]
OFFSET @p ROWS FETCH NEXT @p2 ROWS ONLY
2026-02-23 19:35:20.733 +00:00 [INF] Executed DbCommand (1ms) [Parameters=[], CommandType='"Text"', CommandTimeout='30']
SELECT [p0].[Category]
FROM (
    SELECT DISTINCT [p].[Category]
    FROM [Products] AS [p]
) AS [p0]
ORDER BY [p0].[Category]
2026-02-23 19:35:20.737 +00:00 [INF] Executed ViewResult - view Index executed in 11.6432ms.
2026-02-23 19:35:20.738 +00:00 [INF] Executed action SportsStore.Controllers.HomeController.Index (SportsStore) in 18.3136ms
2026-02-23 19:35:20.740 +00:00 [INF] Executed endpoint 'SportsStore.Controllers.HomeController.Index (SportsStore)'
2026-02-23 19:35:20.741 +00:00 [INF] HTTP GET /favicon.ico responded 200 in 23.6826 ms
2026-02-23 19:35:20.743 +00:00 [INF] Request finished HTTP/1.1 GET http://localhost:5000/favicon.ico - 200 null text/html; charset=utf-8 29.2288ms
2026-02-23 19:35:22.178 +00:00 [INF] Request starting HTTP/1.1 GET http://localhost:5000/ - null null
2026-02-23 19:35:22.180 +00:00 [INF] Executing endpoint 'SportsStore.Controllers.HomeController.Index (SportsStore)'
2026-02-23 19:35:22.181 +00:00 [INF] Route matched with {action = "Index", controller = "Home", page = ""}. Executing controller action with signature Microsoft.AspNetCore.Mvc.ViewResult Index(System.String, Int32) on controller SportsStore.Controllers.HomeController (SportsStore).
2026-02-23 19:35:22.185 +00:00 [INF] Executed DbCommand (1ms) [Parameters=[], CommandType='"Text"', CommandTimeout='30']
SELECT COUNT(*)
FROM [Products] AS [p]
2026-02-23 19:35:22.187 +00:00 [INF] Executing ViewResult, running view Index.
2026-02-23 19:35:22.188 +00:00 [INF] Executed DbCommand (0ms) [Parameters=[@p='?' (DbType = Int32), @p1='?' (DbType = Int32)], CommandType='"Text"', CommandTimeout='30']
SELECT [p].[ProductID], [p].[Category], [p].[Description], [p].[Name], [p].[Price]
FROM [Products] AS [p]
ORDER BY [p].[ProductID]
OFFSET @p ROWS FETCH NEXT @p1 ROWS ONLY
2026-02-23 19:35:22.193 +00:00 [INF] Executed DbCommand (0ms) [Parameters=[], CommandType='"Text"', CommandTimeout='30']
SELECT [p0].[Category]
FROM (
    SELECT DISTINCT [p].[Category]
    FROM [Products] AS [p]
) AS [p0]
ORDER BY [p0].[Category]
2026-02-23 19:35:22.194 +00:00 [INF] Executed ViewResult - view Index executed in 7.5847ms.
2026-02-23 19:35:22.195 +00:00 [INF] Executed action SportsStore.Controllers.HomeController.Index (SportsStore) in 13.3436ms
2026-02-23 19:35:22.196 +00:00 [INF] Executed endpoint 'SportsStore.Controllers.HomeController.Index (SportsStore)'
2026-02-23 19:35:22.197 +00:00 [INF] HTTP GET / responded 200 in 17.2247 ms
2026-02-23 19:35:22.199 +00:00 [INF] Request finished HTTP/1.1 GET http://localhost:5000/ - 200 null text/html; charset=utf-8 20.9711ms
2026-02-23 19:35:22.209 +00:00 [INF] Request starting HTTP/1.1 GET http://localhost:5000/lib/font-awesome/css/all.min.css - null null
2026-02-23 19:35:22.211 +00:00 [INF] Request starting HTTP/1.1 GET http://localhost:5000/_framework/aspnetcore-browser-refresh.js - null null
2026-02-23 19:35:22.212 +00:00 [INF] HTTP GET /lib/font-awesome/css/all.min.css responded 404 in 0.4741 ms
2026-02-23 19:35:22.213 +00:00 [INF] Request finished HTTP/1.1 GET http://localhost:5000/_framework/aspnetcore-browser-refresh.js - 200 16507 application/javascript; charset=utf-8 1.98ms
2026-02-23 19:35:22.214 +00:00 [INF] Request finished HTTP/1.1 GET http://localhost:5000/lib/font-awesome/css/all.min.css - 404 0 null 5.0475ms
2026-02-23 19:35:22.219 +00:00 [INF] Request reached the end of the middleware pipeline without being handled by application code. Request path: GET http://localhost:5000/lib/font-awesome/css/all.min.css, Response status code: 404
2026-02-23 19:35:22.227 +00:00 [INF] Request starting HTTP/1.1 GET http://localhost:5000/favicon.ico - null null
2026-02-23 19:35:22.231 +00:00 [INF] Executing endpoint 'SportsStore.Controllers.HomeController.Index (SportsStore)'
2026-02-23 19:35:22.233 +00:00 [INF] Route matched with {action = "Index", controller = "Home", page = ""}. Executing controller action with signature Microsoft.AspNetCore.Mvc.ViewResult Index(System.String, Int32) on controller SportsStore.Controllers.HomeController (SportsStore).
2026-02-23 19:35:22.237 +00:00 [INF] Executed DbCommand (1ms) [Parameters=[@category='?' (Size = 4000)], CommandType='"Text"', CommandTimeout='30']
SELECT COUNT(*)
FROM [Products] AS [p]
WHERE [p].[Category] = @category
2026-02-23 19:35:22.239 +00:00 [INF] Executing ViewResult, running view Index.
2026-02-23 19:35:22.241 +00:00 [INF] Executed DbCommand (0ms) [Parameters=[@category='?' (Size = 4000), @p='?' (DbType = Int32), @p2='?' (DbType = Int32)], CommandType='"Text"', CommandTimeout='30']
SELECT [p].[ProductID], [p].[Category], [p].[Description], [p].[Name], [p].[Price]
FROM [Products] AS [p]
WHERE [p].[Category] = @category
ORDER BY [p].[ProductID]
OFFSET @p ROWS FETCH NEXT @p2 ROWS ONLY
2026-02-23 19:35:22.243 +00:00 [INF] Executed DbCommand (0ms) [Parameters=[], CommandType='"Text"', CommandTimeout='30']
SELECT [p0].[Category]
FROM (
    SELECT DISTINCT [p].[Category]
    FROM [Products] AS [p]
) AS [p0]
ORDER BY [p0].[Category]
2026-02-23 19:35:22.244 +00:00 [INF] Executed ViewResult - view Index executed in 5.5787ms.
2026-02-23 19:35:22.245 +00:00 [INF] Executed action SportsStore.Controllers.HomeController.Index (SportsStore) in 10.1307ms
2026-02-23 19:35:22.246 +00:00 [INF] Executed endpoint 'SportsStore.Controllers.HomeController.Index (SportsStore)'
2026-02-23 19:35:22.247 +00:00 [INF] HTTP GET /favicon.ico responded 200 in 16.2216 ms
2026-02-23 19:35:22.249 +00:00 [INF] Request finished HTTP/1.1 GET http://localhost:5000/favicon.ico - 200 null text/html; charset=utf-8 21.1118ms
